<?xml version="1.0" encoding="UTF-8"?>
<testng-results ignored="0" total="2" passed="2" failed="0" skipped="0">
  <reporter-output>
  </reporter-output>
  <suite started-at="2019-12-12T17:04:05Z" name="Simple test suite" finished-at="2019-12-12T17:04:05Z" duration-ms="27">
    <groups>
    </groups>
    <test started-at="2019-12-12T17:04:05Z" name="User test" finished-at="2019-12-12T17:04:05Z" duration-ms="27">
      <class name="com.automation.UserTest">
        <test-method is-config="true" signature="beforeClass()[pri:0, instance:com.automation.UserTest@6bedbc4d]" started-at="2019-12-12T17:04:05Z" name="beforeClass" finished-at="2019-12-12T17:04:05Z" duration-ms="8" status="PASS">
          <reporter-output>
          </reporter-output>
        </test-method> <!-- beforeClass -->
        <test-method is-config="true" signature="beforeMethod()[pri:0, instance:com.automation.UserTest@6bedbc4d]" started-at="2019-12-12T17:04:05Z" name="beforeMethod" finished-at="2019-12-12T17:04:05Z" duration-ms="1" status="PASS">
          <reporter-output>
          </reporter-output>
        </test-method> <!-- beforeMethod -->
        <test-method signature="userAgeTest()[pri:0, instance:com.automation.UserTest@6bedbc4d]" started-at="2019-12-12T17:04:05Z" name="userAgeTest" finished-at="2019-12-12T17:04:05Z" duration-ms="2" status="PASS">
          <reporter-output>
          </reporter-output>
        </test-method> <!-- userAgeTest -->
        <test-method signature="userNameTest()[pri:0, instance:com.automation.UserTest@6bedbc4d]" started-at="2019-12-12T17:04:05Z" name="userNameTest" finished-at="2019-12-12T17:04:05Z" duration-ms="0" status="PASS">
          <reporter-output>
          </reporter-output>
        </test-method> <!-- userNameTest -->
        <test-method is-config="true" signature="beforeMethod()[pri:0, instance:com.automation.UserTest@6bedbc4d]" started-at="2019-12-12T17:04:05Z" name="beforeMethod" finished-at="2019-12-12T17:04:05Z" duration-ms="0" status="PASS">
          <reporter-output>
          </reporter-output>
        </test-method> <!-- beforeMethod -->
        <test-method is-config="true" signature="afterMethod()[pri:0, instance:com.automation.UserTest@6bedbc4d]" started-at="2019-12-12T17:04:05Z" name="afterMethod" finished-at="2019-12-12T17:04:05Z" duration-ms="0" status="PASS">
          <reporter-output>
          </reporter-output>
        </test-method> <!-- afterMethod -->
        <test-method is-config="true" signature="afterMethod()[pri:0, instance:com.automation.UserTest@6bedbc4d]" started-at="2019-12-12T17:04:05Z" name="afterMethod" finished-at="2019-12-12T17:04:05Z" duration-ms="0" status="PASS">
          <reporter-output>
          </reporter-output>
        </test-method> <!-- afterMethod -->
        <test-method is-config="true" signature="afterClass()[pri:0, instance:com.automation.UserTest@6bedbc4d]" started-at="2019-12-12T17:04:05Z" name="afterClass" finished-at="2019-12-12T17:04:05Z" duration-ms="0" status="PASS">
          <reporter-output>
          </reporter-output>
        </test-method> <!-- afterClass -->
      </class> <!-- com.automation.UserTest -->
    </test> <!-- User test -->
  </suite> <!-- Simple test suite -->
</testng-results>
